<!DOCTYPE html PUBLIC "-//W3C//DTD XHTML 1.1//EN" "http://www.w3.org/TR/xhtml11/DTD/xhtml11.dtd">
<html xmlns="http://www.w3.org/1999/xhtml"><head><title>TestNG Report</title><style type="text/css">table {margin-bottom:10px;border-collapse:collapse;empty-cells:show}th,td {border:1px solid #009;padding:.25em .5em}th {vertical-align:bottom}td {vertical-align:top}table a {font-weight:bold}.stripe td {background-color: #E6EBF9}.num {text-align:right}.passedodd td {background-color: #3F3}.passedeven td {background-color: #0A0}.skippedodd td {background-color: #DDD}.skippedeven td {background-color: #CCC}.failedodd td,.attn {background-color: #F33}.failedeven td,.stripe .attn {background-color: #D00}.stacktrace {white-space:pre;font-family:monospace}.totop {font-size:85%;text-align:center;border-bottom:2px solid #000}</style></head><body><table><tr><th>Test</th><th># Passed</th><th># Skipped</th><th># Failed</th><th>Time (ms)</th><th>Included Groups</th><th>Excluded Groups</th></tr><tr><th colspan="7">我自己的接口测试套件</th></tr><tr><td><a href="#t0">这些是测试模块</a></td><td class="num">2</td><td class="num">0</td><td class="num attn">2</td><td class="num">128</td><td></td><td></td></tr></table><table><thead><tr><th>Class</th><th>Method</th><th>Start</th><th>Time (ms)</th></tr></thead><tbody><tr><th colspan="4">我自己的接口测试套件</th></tr></tbody><tbody id="t0"><tr><th colspan="4">这些是测试模块 &#8212; failed</th></tr><tr class="failedeven"><td rowspan="2">com.tester.extend.demo.TestMethodsDemo</td><td><a href="#m0">logDemo</a></td><td rowspan="1">1603873416936</td><td rowspan="1">0</td></tr><tr class="failedeven"><td><a href="#m1">test2</a></td><td rowspan="1">1603873416917</td><td rowspan="1">2</td></tr><tr><th colspan="4">这些是测试模块 &#8212; passed</th></tr><tr class="passedeven"><td rowspan="2">com.tester.extend.demo.TestMethodsDemo</td><td><a href="#m2">test1</a></td><td rowspan="1">1603873416876</td><td rowspan="1">40</td></tr><tr class="passedeven"><td><a href="#m3">test3</a></td><td rowspan="1">1603873416934</td><td rowspan="1">1</td></tr></tbody></table><h2>这些是测试模块</h2><h3 id="m0">com.tester.extend.demo.TestMethodsDemo#logDemo</h3><table class="result"><tr><th>Messages</th></tr><tr><td><div class="messages">这是我自己写的日志</div></td></tr><tr><th>Exception</th></tr><tr><td><div class="stacktrace">java.lang.RuntimeException: 这是我自己的运行时异常
	at com.tester.extend.demo.TestMethodsDemo.logDemo(TestMethodsDemo.java:24)
... Removed 24 stack frames</div></td></tr></table><p class="totop"><a href="#summary">back to summary</a></p><h3 id="m1">com.tester.extend.demo.TestMethodsDemo#test2</h3><table class="result"><tr><th>Exception</th></tr><tr><td><div class="stacktrace">java.lang.AssertionError: expected [2] but found [1]
	at com.tester.extend.demo.TestMethodsDemo.test2(TestMethodsDemo.java:15)
... Removed 30 stack frames</div></td></tr></table><p class="totop"><a href="#summary">back to summary</a></p><h3 id="m2">com.tester.extend.demo.TestMethodsDemo#test1</h3><table class="result"></table><p class="totop"><a href="#summary">back to summary</a></p><h3 id="m3">com.tester.extend.demo.TestMethodsDemo#test3</h3><table class="result"></table><p class="totop"><a href="#summary">back to summary</a></p></body></html>